#! /c/Source/iverilog-install/bin/vvp
:ivl_version "12.0 (devel)" "(s20150603-1539-g2693dd32b)";
:ivl_delay_selection "TYPICAL";
:vpi_time_precision - 12;
:vpi_module "C:\iverilog\lib\ivl\system.vpi";
:vpi_module "C:\iverilog\lib\ivl\vhdl_sys.vpi";
:vpi_module "C:\iverilog\lib\ivl\vhdl_textio.vpi";
:vpi_module "C:\iverilog\lib\ivl\v2005_math.vpi";
:vpi_module "C:\iverilog\lib\ivl\va_math.vpi";
S_00000229113504f0 .scope module, "Top_module_tb" "Top_module_tb" 2 3;
 .timescale -9 -12;
v00000229113ac880_0 .net "alarm", 0 0, v00000229113aa280_0;  1 drivers
v00000229113abb60_0 .var "clk", 0 0;
v00000229113abde0_0 .var "enter", 0 0;
v00000229113ac9c0_0 .net "green_light", 0 0, v00000229113aa3c0_0;  1 drivers
v00000229113ab020_0 .var "key_in", 3 0;
v00000229113abf20_0 .net "locked", 0 0, v00000229113ac7e0_0;  1 drivers
v00000229113abca0_0 .net "red_light", 0 0, v00000229113aad20_0;  1 drivers
v00000229113aca60_0 .var "rst", 0 0;
S_0000022911356980 .scope task, "enter_digit" "enter_digit" 2 27, 2 27 0, S_00000229113504f0;
 .timescale -9 -12;
v0000022911356b10_0 .var "digit", 3 0;
TD_Top_module_tb.enter_digit ;
    %load/vec4 v0000022911356b10_0;
    %store/vec4 v00000229113ab020_0, 0, 4;
    %pushi/vec4 1, 0, 1;
    %store/vec4 v00000229113abde0_0, 0, 1;
    %delay 10000, 0;
    %pushi/vec4 0, 0, 1;
    %store/vec4 v00000229113abde0_0, 0, 1;
    %delay 40000, 0;
    %end;
S_000002291134f3a0 .scope module, "uut" "Top_module" 2 14, 3 1 0, S_00000229113504f0;
 .timescale 0 0;
    .port_info 0 /INPUT 1 "clk";
    .port_info 1 /INPUT 1 "rst";
    .port_info 2 /INPUT 4 "key_in";
    .port_info 3 /INPUT 1 "enter";
    .port_info 4 /OUTPUT 1 "locked";
    .port_info 5 /OUTPUT 1 "red_light";
    .port_info 6 /OUTPUT 1 "green_light";
    .port_info 7 /OUTPUT 1 "alarm";
P_0000022911322270 .param/l "UNLOCK_TIME" 0 3 37, +C4<00000000000000000000000001100100>;
v00000229113ab980_0 .net "alarm", 0 0, v00000229113aa280_0;  alias, 1 drivers
v00000229113ace20_0 .net "check", 0 0, v00000229113aae60_0;  1 drivers
v00000229113ac240_0 .net "clk", 0 0, v00000229113abb60_0;  1 drivers
v00000229113ab840_0 .net "door_unlocked", 0 0, v00000229113205c0_0;  1 drivers
v00000229113ab8e0_0 .net "enter", 0 0, v00000229113abde0_0;  1 drivers
v00000229113ab200_0 .net "green_light", 0 0, v00000229113aa3c0_0;  alias, 1 drivers
v00000229113ac4c0_0 .net "incorrect_flag", 0 0, v0000022911340680_0;  1 drivers
v00000229113ab160_0 .net "key_in", 3 0, v00000229113ab020_0;  1 drivers
v00000229113ac7e0_0 .var "locked", 0 0;
v00000229113ac920_0 .net "red_light", 0 0, v00000229113aad20_0;  alias, 1 drivers
v00000229113ab2a0_0 .net "rst", 0 0, v00000229113aca60_0;  1 drivers
v00000229113ac600_0 .net "temp_locked", 0 0, v00000229113aabe0_0;  1 drivers
v00000229113aba20_0 .var "unlock_timer", 23 0;
v00000229113ac560_0 .var "unlock_timer_enable", 0 0;
S_00000229113404f0 .scope module, "PCint" "Password_checker" 3 17, 4 1 0, S_000002291134f3a0;
 .timescale 0 0;
    .port_info 0 /INPUT 1 "clk";
    .port_info 1 /INPUT 1 "rst";
    .port_info 2 /INPUT 4 "key_in";
    .port_info 3 /INPUT 1 "enter";
    .port_info 4 /INPUT 1 "check";
    .port_info 5 /OUTPUT 1 "door_unlocked";
    .port_info 6 /OUTPUT 1 "incorrect_flag";
v0000022911352120_0 .var "attempts", 1 0;
v000002291134f530_0 .net "check", 0 0, v00000229113aae60_0;  alias, 1 drivers
v000002291134f5d0_0 .net "clk", 0 0, v00000229113abb60_0;  alias, 1 drivers
v00000229113205c0_0 .var "door_unlocked", 0 0;
v0000022911320660_0 .net "enter", 0 0, v00000229113abde0_0;  alias, 1 drivers
v000002291131fbf0 .array "entered_password", 0 3, 3 0;
v000002291131fc90_0 .var "idx", 1 0;
v0000022911340680_0 .var "incorrect_flag", 0 0;
v0000022911340720_0 .net "key_in", 3 0, v00000229113ab020_0;  alias, 1 drivers
v00000229113407c0 .array "password", 0 3, 3 0;
v0000022911340860_0 .net "rst", 0 0, v00000229113aca60_0;  alias, 1 drivers
E_0000022911322330 .event posedge, v0000022911340860_0, v000002291134f5d0_0;
S_0000022911337c40 .scope module, "fsm_con_int" "Fsm_con" 3 26, 5 1 0, S_000002291134f3a0;
 .timescale 0 0;
    .port_info 0 /INPUT 1 "clk";
    .port_info 1 /INPUT 1 "rst";
    .port_info 2 /INPUT 4 "key_in";
    .port_info 3 /INPUT 1 "enter";
    .port_info 4 /OUTPUT 1 "red_light";
    .port_info 5 /OUTPUT 1 "green_light";
    .port_info 6 /OUTPUT 1 "buzzer_alarm";
    .port_info 7 /OUTPUT 1 "check";
    .port_info 8 /OUTPUT 1 "locked";
P_0000022911337dd0 .param/l "ALARM" 0 5 24, C4<101>;
P_0000022911337e08 .param/l "CHECKING" 0 5 21, C4<010>;
P_0000022911337e40 .param/l "IDLE" 0 5 19, C4<000>;
P_0000022911337e78 .param/l "INPUT_WAIT" 0 5 20, C4<001>;
P_0000022911337eb0 .param/l "UNLOCKED" 0 5 23, C4<100>;
P_0000022911337ee8 .param/l "WAIT_RESULT" 0 5 22, C4<011>;
v00000229113aa280_0 .var "buzzer_alarm", 0 0;
v00000229113aae60_0 .var "check", 0 0;
v00000229113aa820_0 .net "clk", 0 0, v00000229113abb60_0;  alias, 1 drivers
v00000229113aaf00_0 .var "current_state", 2 0;
v00000229113aa8c0_0 .var "digit_count", 1 0;
v00000229113aa140_0 .net "door_unlocked", 0 0, v00000229113aab40_0;  1 drivers
v00000229113aa320_0 .net "enter", 0 0, v00000229113abde0_0;  alias, 1 drivers
v00000229113aa3c0_0 .var "green_light", 0 0;
v00000229113aa960_0 .net "incorrect_flag", 0 0, v00000229113aa6e0_0;  1 drivers
v00000229113aaaa0_0 .net "key_in", 3 0, v00000229113ab020_0;  alias, 1 drivers
v00000229113aabe0_0 .var "locked", 0 0;
v00000229113aac80_0 .var "next_state", 2 0;
v00000229113aad20_0 .var "red_light", 0 0;
v00000229113abc00_0 .net "rst", 0 0, v00000229113aca60_0;  alias, 1 drivers
E_00000229113226b0/0 .event anyedge, v00000229113aaf00_0, v0000022911320660_0, v00000229113aa8c0_0, v00000229113aab40_0;
E_00000229113226b0/1 .event anyedge, v00000229113aa6e0_0;
E_00000229113226b0 .event/or E_00000229113226b0/0, E_00000229113226b0/1;
S_0000022911337f30 .scope module, "pw_inst" "Password_checker" 5 27, 4 1 0, S_0000022911337c40;
 .timescale 0 0;
    .port_info 0 /INPUT 1 "clk";
    .port_info 1 /INPUT 1 "rst";
    .port_info 2 /INPUT 4 "key_in";
    .port_info 3 /INPUT 1 "enter";
    .port_info 4 /INPUT 1 "check";
    .port_info 5 /OUTPUT 1 "door_unlocked";
    .port_info 6 /OUTPUT 1 "incorrect_flag";
v00000229113aa0a0_0 .var "attempts", 1 0;
v00000229113aa000_0 .net "check", 0 0, v00000229113aae60_0;  alias, 1 drivers
v00000229113aa1e0_0 .net "clk", 0 0, v00000229113abb60_0;  alias, 1 drivers
v00000229113aab40_0 .var "door_unlocked", 0 0;
v00000229113aa460_0 .net "enter", 0 0, v00000229113abde0_0;  alias, 1 drivers
v00000229113aa500 .array "entered_password", 0 3, 3 0;
v00000229113aa640_0 .var "idx", 1 0;
v00000229113aa6e0_0 .var "incorrect_flag", 0 0;
v00000229113aa5a0_0 .net "key_in", 3 0, v00000229113ab020_0;  alias, 1 drivers
v00000229113aa780 .array "password", 0 3, 3 0;
v00000229113aadc0_0 .net "rst", 0 0, v00000229113aca60_0;  alias, 1 drivers
    .scope S_00000229113404f0;
T_1 ;
    %wait E_0000022911322330;
    %load/vec4 v0000022911340860_0;
    %flag_set/vec4 8;
    %jmp/0xz  T_1.0, 8;
    %pushi/vec4 2, 0, 4;
    %ix/load 3, 0, 0;
    %flag_set/imm 4, 0;
    %ix/load 4, 0, 0; Constant delay
    %assign/vec4/a/d v00000229113407c0, 0, 4;
    %pushi/vec4 2, 0, 4;
    %ix/load 3, 1, 0;
    %flag_set/imm 4, 0;
    %ix/load 4, 0, 0; Constant delay
    %assign/vec4/a/d v00000229113407c0, 0, 4;
    %pushi/vec4 3, 0, 4;
    %ix/load 3, 2, 0;
    %flag_set/imm 4, 0;
    %ix/load 4, 0, 0; Constant delay
    %assign/vec4/a/d v00000229113407c0, 0, 4;
    %pushi/vec4 4, 0, 4;
    %ix/load 3, 3, 0;
    %flag_set/imm 4, 0;
    %ix/load 4, 0, 0; Constant delay
    %assign/vec4/a/d v00000229113407c0, 0, 4;
    %pushi/vec4 0, 0, 2;
    %assign/vec4 v000002291131fc90_0, 0;
    %pushi/vec4 0, 0, 2;
    %assign/vec4 v0000022911352120_0, 0;
    %pushi/vec4 0, 0, 1;
    %assign/vec4 v0000022911340680_0, 0;
    %pushi/vec4 0, 0, 1;
    %assign/vec4 v00000229113205c0_0, 0;
    %pushi/vec4 0, 0, 4;
    %ix/load 3, 0, 0;
    %flag_set/imm 4, 0;
    %ix/load 4, 0, 0; Constant delay
    %assign/vec4/a/d v000002291131fbf0, 0, 4;
    %pushi/vec4 0, 0, 4;
    %ix/load 3, 1, 0;
    %flag_set/imm 4, 0;
    %ix/load 4, 0, 0; Constant delay
    %assign/vec4/a/d v000002291131fbf0, 0, 4;
    %pushi/vec4 0, 0, 4;
    %ix/load 3, 2, 0;
    %flag_set/imm 4, 0;
    %ix/load 4, 0, 0; Constant delay
    %assign/vec4/a/d v000002291131fbf0, 0, 4;
    %pushi/vec4 0, 0, 4;
    %ix/load 3, 3, 0;
    %flag_set/imm 4, 0;
    %ix/load 4, 0, 0; Constant delay
    %assign/vec4/a/d v000002291131fbf0, 0, 4;
    %jmp T_1.1;
T_1.0 ;
    %load/vec4 v0000022911320660_0;
    %flag_set/vec4 9;
    %flag_get/vec4 9;
    %jmp/0 T_1.4, 9;
    %load/vec4 v000002291131fc90_0;
    %pad/u 32;
    %cmpi/u 4, 0, 32;
    %flag_get/vec4 5;
    %and;
T_1.4;
    %flag_set/vec4 8;
    %jmp/0xz  T_1.2, 8;
    %load/vec4 v0000022911340720_0;
    %load/vec4 v000002291131fc90_0;
    %pad/u 4;
    %ix/vec4 3;
    %ix/load 4, 0, 0; Constant delay
    %assign/vec4/a/d v000002291131fbf0, 0, 4;
    %load/vec4 v000002291131fc90_0;
    %addi 1, 0, 2;
    %assign/vec4 v000002291131fc90_0, 0;
T_1.2 ;
    %load/vec4 v000002291134f530_0;
    %flag_set/vec4 8;
    %jmp/0xz  T_1.5, 8;
    %ix/load 4, 0, 0;
    %flag_set/imm 4, 0;
    %load/vec4a v000002291131fbf0, 4;
    %ix/load 4, 0, 0;
    %flag_set/imm 4, 0;
    %load/vec4a v00000229113407c0, 4;
    %cmp/e;
    %flag_get/vec4 4;
    %jmp/0 T_1.11, 4;
    %ix/load 4, 1, 0;
    %flag_set/imm 4, 0;
    %load/vec4a v000002291131fbf0, 4;
    %ix/load 4, 1, 0;
    %flag_set/imm 4, 0;
    %load/vec4a v00000229113407c0, 4;
    %cmp/e;
    %flag_get/vec4 4;
    %and;
T_1.11;
    %flag_set/vec4 10;
    %flag_get/vec4 10;
    %jmp/0 T_1.10, 10;
    %ix/load 4, 2, 0;
    %flag_set/imm 4, 0;
    %load/vec4a v000002291131fbf0, 4;
    %ix/load 4, 2, 0;
    %flag_set/imm 4, 0;
    %load/vec4a v00000229113407c0, 4;
    %cmp/e;
    %flag_get/vec4 4;
    %and;
T_1.10;
    %flag_set/vec4 9;
    %flag_get/vec4 9;
    %jmp/0 T_1.9, 9;
    %ix/load 4, 3, 0;
    %flag_set/imm 4, 0;
    %load/vec4a v000002291131fbf0, 4;
    %ix/load 4, 3, 0;
    %flag_set/imm 4, 0;
    %load/vec4a v00000229113407c0, 4;
    %cmp/e;
    %flag_get/vec4 4;
    %and;
T_1.9;
    %flag_set/vec4 8;
    %jmp/0xz  T_1.7, 8;
    %pushi/vec4 1, 0, 1;
    %assign/vec4 v00000229113205c0_0, 0;
    %pushi/vec4 0, 0, 1;
    %assign/vec4 v0000022911340680_0, 0;
    %pushi/vec4 0, 0, 2;
    %assign/vec4 v0000022911352120_0, 0;
    %jmp T_1.8;
T_1.7 ;
    %pushi/vec4 0, 0, 1;
    %assign/vec4 v00000229113205c0_0, 0;
    %load/vec4 v0000022911352120_0;
    %addi 1, 0, 2;
    %assign/vec4 v0000022911352120_0, 0;
    %load/vec4 v0000022911352120_0;
    %pad/u 32;
    %pushi/vec4 2, 0, 32;
    %cmp/e;
    %flag_get/vec4 4;
    %assign/vec4 v0000022911340680_0, 0;
T_1.8 ;
    %pushi/vec4 0, 0, 4;
    %ix/load 3, 0, 0;
    %flag_set/imm 4, 0;
    %ix/load 4, 0, 0; Constant delay
    %assign/vec4/a/d v000002291131fbf0, 0, 4;
    %pushi/vec4 0, 0, 4;
    %ix/load 3, 1, 0;
    %flag_set/imm 4, 0;
    %ix/load 4, 0, 0; Constant delay
    %assign/vec4/a/d v000002291131fbf0, 0, 4;
    %pushi/vec4 0, 0, 4;
    %ix/load 3, 2, 0;
    %flag_set/imm 4, 0;
    %ix/load 4, 0, 0; Constant delay
    %assign/vec4/a/d v000002291131fbf0, 0, 4;
    %pushi/vec4 0, 0, 4;
    %ix/load 3, 3, 0;
    %flag_set/imm 4, 0;
    %ix/load 4, 0, 0; Constant delay
    %assign/vec4/a/d v000002291131fbf0, 0, 4;
    %pushi/vec4 0, 0, 2;
    %assign/vec4 v000002291131fc90_0, 0;
T_1.5 ;
T_1.1 ;
    %jmp T_1;
    .thread T_1;
    .scope S_0000022911337f30;
T_2 ;
    %wait E_0000022911322330;
    %load/vec4 v00000229113aadc0_0;
    %flag_set/vec4 8;
    %jmp/0xz  T_2.0, 8;
    %pushi/vec4 2, 0, 4;
    %ix/load 3, 0, 0;
    %flag_set/imm 4, 0;
    %ix/load 4, 0, 0; Constant delay
    %assign/vec4/a/d v00000229113aa780, 0, 4;
    %pushi/vec4 2, 0, 4;
    %ix/load 3, 1, 0;
    %flag_set/imm 4, 0;
    %ix/load 4, 0, 0; Constant delay
    %assign/vec4/a/d v00000229113aa780, 0, 4;
    %pushi/vec4 3, 0, 4;
    %ix/load 3, 2, 0;
    %flag_set/imm 4, 0;
    %ix/load 4, 0, 0; Constant delay
    %assign/vec4/a/d v00000229113aa780, 0, 4;
    %pushi/vec4 4, 0, 4;
    %ix/load 3, 3, 0;
    %flag_set/imm 4, 0;
    %ix/load 4, 0, 0; Constant delay
    %assign/vec4/a/d v00000229113aa780, 0, 4;
    %pushi/vec4 0, 0, 2;
    %assign/vec4 v00000229113aa640_0, 0;
    %pushi/vec4 0, 0, 2;
    %assign/vec4 v00000229113aa0a0_0, 0;
    %pushi/vec4 0, 0, 1;
    %assign/vec4 v00000229113aa6e0_0, 0;
    %pushi/vec4 0, 0, 1;
    %assign/vec4 v00000229113aab40_0, 0;
    %pushi/vec4 0, 0, 4;
    %ix/load 3, 0, 0;
    %flag_set/imm 4, 0;
    %ix/load 4, 0, 0; Constant delay
    %assign/vec4/a/d v00000229113aa500, 0, 4;
    %pushi/vec4 0, 0, 4;
    %ix/load 3, 1, 0;
    %flag_set/imm 4, 0;
    %ix/load 4, 0, 0; Constant delay
    %assign/vec4/a/d v00000229113aa500, 0, 4;
    %pushi/vec4 0, 0, 4;
    %ix/load 3, 2, 0;
    %flag_set/imm 4, 0;
    %ix/load 4, 0, 0; Constant delay
    %assign/vec4/a/d v00000229113aa500, 0, 4;
    %pushi/vec4 0, 0, 4;
    %ix/load 3, 3, 0;
    %flag_set/imm 4, 0;
    %ix/load 4, 0, 0; Constant delay
    %assign/vec4/a/d v00000229113aa500, 0, 4;
    %jmp T_2.1;
T_2.0 ;
    %load/vec4 v00000229113aa460_0;
    %flag_set/vec4 9;
    %flag_get/vec4 9;
    %jmp/0 T_2.4, 9;
    %load/vec4 v00000229113aa640_0;
    %pad/u 32;
    %cmpi/u 4, 0, 32;
    %flag_get/vec4 5;
    %and;
T_2.4;
    %flag_set/vec4 8;
    %jmp/0xz  T_2.2, 8;
    %load/vec4 v00000229113aa5a0_0;
    %load/vec4 v00000229113aa640_0;
    %pad/u 4;
    %ix/vec4 3;
    %ix/load 4, 0, 0; Constant delay
    %assign/vec4/a/d v00000229113aa500, 0, 4;
    %load/vec4 v00000229113aa640_0;
    %addi 1, 0, 2;
    %assign/vec4 v00000229113aa640_0, 0;
T_2.2 ;
    %load/vec4 v00000229113aa000_0;
    %flag_set/vec4 8;
    %jmp/0xz  T_2.5, 8;
    %ix/load 4, 0, 0;
    %flag_set/imm 4, 0;
    %load/vec4a v00000229113aa500, 4;
    %ix/load 4, 0, 0;
    %flag_set/imm 4, 0;
    %load/vec4a v00000229113aa780, 4;
    %cmp/e;
    %flag_get/vec4 4;
    %jmp/0 T_2.11, 4;
    %ix/load 4, 1, 0;
    %flag_set/imm 4, 0;
    %load/vec4a v00000229113aa500, 4;
    %ix/load 4, 1, 0;
    %flag_set/imm 4, 0;
    %load/vec4a v00000229113aa780, 4;
    %cmp/e;
    %flag_get/vec4 4;
    %and;
T_2.11;
    %flag_set/vec4 10;
    %flag_get/vec4 10;
    %jmp/0 T_2.10, 10;
    %ix/load 4, 2, 0;
    %flag_set/imm 4, 0;
    %load/vec4a v00000229113aa500, 4;
    %ix/load 4, 2, 0;
    %flag_set/imm 4, 0;
    %load/vec4a v00000229113aa780, 4;
    %cmp/e;
    %flag_get/vec4 4;
    %and;
T_2.10;
    %flag_set/vec4 9;
    %flag_get/vec4 9;
    %jmp/0 T_2.9, 9;
    %ix/load 4, 3, 0;
    %flag_set/imm 4, 0;
    %load/vec4a v00000229113aa500, 4;
    %ix/load 4, 3, 0;
    %flag_set/imm 4, 0;
    %load/vec4a v00000229113aa780, 4;
    %cmp/e;
    %flag_get/vec4 4;
    %and;
T_2.9;
    %flag_set/vec4 8;
    %jmp/0xz  T_2.7, 8;
    %pushi/vec4 1, 0, 1;
    %assign/vec4 v00000229113aab40_0, 0;
    %pushi/vec4 0, 0, 1;
    %assign/vec4 v00000229113aa6e0_0, 0;
    %pushi/vec4 0, 0, 2;
    %assign/vec4 v00000229113aa0a0_0, 0;
    %jmp T_2.8;
T_2.7 ;
    %pushi/vec4 0, 0, 1;
    %assign/vec4 v00000229113aab40_0, 0;
    %load/vec4 v00000229113aa0a0_0;
    %addi 1, 0, 2;
    %assign/vec4 v00000229113aa0a0_0, 0;
    %load/vec4 v00000229113aa0a0_0;
    %pad/u 32;
    %pushi/vec4 2, 0, 32;
    %cmp/e;
    %flag_get/vec4 4;
    %assign/vec4 v00000229113aa6e0_0, 0;
T_2.8 ;
    %pushi/vec4 0, 0, 4;
    %ix/load 3, 0, 0;
    %flag_set/imm 4, 0;
    %ix/load 4, 0, 0; Constant delay
    %assign/vec4/a/d v00000229113aa500, 0, 4;
    %pushi/vec4 0, 0, 4;
    %ix/load 3, 1, 0;
    %flag_set/imm 4, 0;
    %ix/load 4, 0, 0; Constant delay
    %assign/vec4/a/d v00000229113aa500, 0, 4;
    %pushi/vec4 0, 0, 4;
    %ix/load 3, 2, 0;
    %flag_set/imm 4, 0;
    %ix/load 4, 0, 0; Constant delay
    %assign/vec4/a/d v00000229113aa500, 0, 4;
    %pushi/vec4 0, 0, 4;
    %ix/load 3, 3, 0;
    %flag_set/imm 4, 0;
    %ix/load 4, 0, 0; Constant delay
    %assign/vec4/a/d v00000229113aa500, 0, 4;
    %pushi/vec4 0, 0, 2;
    %assign/vec4 v00000229113aa640_0, 0;
T_2.5 ;
T_2.1 ;
    %jmp T_2;
    .thread T_2;
    .scope S_0000022911337c40;
T_3 ;
    %wait E_0000022911322330;
    %load/vec4 v00000229113abc00_0;
    %flag_set/vec4 8;
    %jmp/0xz  T_3.0, 8;
    %pushi/vec4 0, 0, 3;
    %assign/vec4 v00000229113aaf00_0, 0;
    %pushi/vec4 0, 0, 2;
    %assign/vec4 v00000229113aa8c0_0, 0;
    %jmp T_3.1;
T_3.0 ;
    %load/vec4 v00000229113aac80_0;
    %assign/vec4 v00000229113aaf00_0, 0;
    %load/vec4 v00000229113aaf00_0;
    %cmpi/e 1, 0, 3;
    %flag_get/vec4 4;
    %jmp/0 T_3.4, 4;
    %load/vec4 v00000229113aa320_0;
    %and;
T_3.4;
    %flag_set/vec4 8;
    %jmp/0xz  T_3.2, 8;
    %load/vec4 v00000229113aa8c0_0;
    %addi 1, 0, 2;
    %assign/vec4 v00000229113aa8c0_0, 0;
    %jmp T_3.3;
T_3.2 ;
    %load/vec4 v00000229113aaf00_0;
    %cmpi/e 0, 0, 3;
    %jmp/0xz  T_3.5, 4;
    %pushi/vec4 0, 0, 2;
    %assign/vec4 v00000229113aa8c0_0, 0;
T_3.5 ;
T_3.3 ;
T_3.1 ;
    %jmp T_3;
    .thread T_3;
    .scope S_0000022911337c40;
T_4 ;
    %wait E_00000229113226b0;
    %pushi/vec4 1, 0, 1;
    %store/vec4 v00000229113aad20_0, 0, 1;
    %pushi/vec4 0, 0, 1;
    %store/vec4 v00000229113aa3c0_0, 0, 1;
    %pushi/vec4 0, 0, 1;
    %store/vec4 v00000229113aa280_0, 0, 1;
    %pushi/vec4 1, 0, 1;
    %store/vec4 v00000229113aabe0_0, 0, 1;
    %pushi/vec4 0, 0, 1;
    %store/vec4 v00000229113aae60_0, 0, 1;
    %load/vec4 v00000229113aaf00_0;
    %store/vec4 v00000229113aac80_0, 0, 3;
    %load/vec4 v00000229113aaf00_0;
    %dup/vec4;
    %pushi/vec4 0, 0, 3;
    %cmp/u;
    %jmp/1 T_4.0, 6;
    %dup/vec4;
    %pushi/vec4 1, 0, 3;
    %cmp/u;
    %jmp/1 T_4.1, 6;
    %dup/vec4;
    %pushi/vec4 2, 0, 3;
    %cmp/u;
    %jmp/1 T_4.2, 6;
    %dup/vec4;
    %pushi/vec4 3, 0, 3;
    %cmp/u;
    %jmp/1 T_4.3, 6;
    %dup/vec4;
    %pushi/vec4 4, 0, 3;
    %cmp/u;
    %jmp/1 T_4.4, 6;
    %dup/vec4;
    %pushi/vec4 5, 0, 3;
    %cmp/u;
    %jmp/1 T_4.5, 6;
    %jmp T_4.6;
T_4.0 ;
    %load/vec4 v00000229113aa320_0;
    %flag_set/vec4 8;
    %jmp/0xz  T_4.7, 8;
    %pushi/vec4 1, 0, 3;
    %store/vec4 v00000229113aac80_0, 0, 3;
T_4.7 ;
    %jmp T_4.6;
T_4.1 ;
    %load/vec4 v00000229113aa8c0_0;
    %pad/u 32;
    %cmpi/e 3, 0, 32;
    %flag_get/vec4 4;
    %jmp/0 T_4.11, 4;
    %load/vec4 v00000229113aa320_0;
    %nor/r;
    %and;
T_4.11;
    %flag_set/vec4 8;
    %jmp/0xz  T_4.9, 8;
    %pushi/vec4 2, 0, 3;
    %store/vec4 v00000229113aac80_0, 0, 3;
T_4.9 ;
    %jmp T_4.6;
T_4.2 ;
    %pushi/vec4 1, 0, 1;
    %store/vec4 v00000229113aae60_0, 0, 1;
    %pushi/vec4 3, 0, 3;
    %store/vec4 v00000229113aac80_0, 0, 3;
    %jmp T_4.6;
T_4.3 ;
    %load/vec4 v00000229113aa140_0;
    %flag_set/vec4 8;
    %jmp/0xz  T_4.12, 8;
    %pushi/vec4 4, 0, 3;
    %store/vec4 v00000229113aac80_0, 0, 3;
    %jmp T_4.13;
T_4.12 ;
    %load/vec4 v00000229113aa960_0;
    %flag_set/vec4 8;
    %jmp/0xz  T_4.14, 8;
    %pushi/vec4 5, 0, 3;
    %store/vec4 v00000229113aac80_0, 0, 3;
    %jmp T_4.15;
T_4.14 ;
    %pushi/vec4 1, 0, 3;
    %store/vec4 v00000229113aac80_0, 0, 3;
T_4.15 ;
T_4.13 ;
    %jmp T_4.6;
T_4.4 ;
    %pushi/vec4 0, 0, 1;
    %store/vec4 v00000229113aad20_0, 0, 1;
    %pushi/vec4 1, 0, 1;
    %store/vec4 v00000229113aa3c0_0, 0, 1;
    %pushi/vec4 0, 0, 1;
    %store/vec4 v00000229113aabe0_0, 0, 1;
    %pushi/vec4 0, 0, 3;
    %store/vec4 v00000229113aac80_0, 0, 3;
    %jmp T_4.6;
T_4.5 ;
    %pushi/vec4 1, 0, 1;
    %store/vec4 v00000229113aa280_0, 0, 1;
    %pushi/vec4 1, 0, 1;
    %store/vec4 v00000229113aad20_0, 0, 1;
    %pushi/vec4 0, 0, 1;
    %store/vec4 v00000229113aa3c0_0, 0, 1;
    %pushi/vec4 0, 0, 3;
    %store/vec4 v00000229113aac80_0, 0, 3;
    %jmp T_4.6;
T_4.6 ;
    %pop/vec4 1;
    %jmp T_4;
    .thread T_4, $push;
    .scope S_000002291134f3a0;
T_5 ;
    %wait E_0000022911322330;
    %load/vec4 v00000229113ab2a0_0;
    %flag_set/vec4 8;
    %jmp/0xz  T_5.0, 8;
    %pushi/vec4 1, 0, 1;
    %assign/vec4 v00000229113ac7e0_0, 0;
    %pushi/vec4 0, 0, 24;
    %assign/vec4 v00000229113aba20_0, 0;
    %pushi/vec4 0, 0, 1;
    %assign/vec4 v00000229113ac560_0, 0;
    %jmp T_5.1;
T_5.0 ;
    %load/vec4 v00000229113ac600_0;
    %nor/r;
    %flag_set/vec4 9;
    %flag_get/vec4 9;
    %jmp/0 T_5.4, 9;
    %load/vec4 v00000229113ac560_0;
    %nor/r;
    %and;
T_5.4;
    %flag_set/vec4 8;
    %jmp/0xz  T_5.2, 8;
    %pushi/vec4 0, 0, 1;
    %assign/vec4 v00000229113ac7e0_0, 0;
    %pushi/vec4 1, 0, 1;
    %assign/vec4 v00000229113ac560_0, 0;
    %pushi/vec4 0, 0, 24;
    %assign/vec4 v00000229113aba20_0, 0;
T_5.2 ;
    %load/vec4 v00000229113ac560_0;
    %flag_set/vec4 8;
    %jmp/0xz  T_5.5, 8;
    %load/vec4 v00000229113aba20_0;
    %addi 1, 0, 24;
    %assign/vec4 v00000229113aba20_0, 0;
    %load/vec4 v00000229113aba20_0;
    %pad/u 32;
    %cmpi/u 100, 0, 32;
    %flag_inv 5; GE is !LT
    %jmp/0xz  T_5.7, 5;
    %pushi/vec4 1, 0, 1;
    %assign/vec4 v00000229113ac7e0_0, 0;
    %pushi/vec4 0, 0, 1;
    %assign/vec4 v00000229113ac560_0, 0;
    %pushi/vec4 0, 0, 24;
    %assign/vec4 v00000229113aba20_0, 0;
T_5.7 ;
T_5.5 ;
T_5.1 ;
    %jmp T_5;
    .thread T_5;
    .scope S_00000229113504f0;
T_6 ;
    %delay 5000, 0;
    %load/vec4 v00000229113abb60_0;
    %inv;
    %store/vec4 v00000229113abb60_0, 0, 1;
    %jmp T_6;
    .thread T_6;
    .scope S_00000229113504f0;
T_7 ;
    %vpi_call 2 38 "$dumpfile", "Top_module_tb.vcd" {0 0 0};
    %vpi_call 2 39 "$dumpvars", 32'sb00000000000000000000000000000000, S_00000229113504f0 {0 0 0};
    %pushi/vec4 0, 0, 1;
    %store/vec4 v00000229113abb60_0, 0, 1;
    %pushi/vec4 1, 0, 1;
    %store/vec4 v00000229113aca60_0, 0, 1;
    %pushi/vec4 0, 0, 4;
    %store/vec4 v00000229113ab020_0, 0, 4;
    %pushi/vec4 0, 0, 1;
    %store/vec4 v00000229113abde0_0, 0, 1;
    %delay 20000, 0;
    %pushi/vec4 0, 0, 1;
    %store/vec4 v00000229113aca60_0, 0, 1;
    %delay 50000, 0;
    %vpi_call 2 50 "$display", "==== Correct Password Attempt ====" {0 0 0};
    %pushi/vec4 2, 0, 4;
    %store/vec4 v0000022911356b10_0, 0, 4;
    %fork TD_Top_module_tb.enter_digit, S_0000022911356980;
    %join;
    %pushi/vec4 2, 0, 4;
    %store/vec4 v0000022911356b10_0, 0, 4;
    %fork TD_Top_module_tb.enter_digit, S_0000022911356980;
    %join;
    %pushi/vec4 3, 0, 4;
    %store/vec4 v0000022911356b10_0, 0, 4;
    %fork TD_Top_module_tb.enter_digit, S_0000022911356980;
    %join;
    %pushi/vec4 4, 0, 4;
    %store/vec4 v0000022911356b10_0, 0, 4;
    %fork TD_Top_module_tb.enter_digit, S_0000022911356980;
    %join;
    %delay 1000000, 0;
    %load/vec4 v00000229113abf20_0;
    %nor/r;
    %flag_set/vec4 8;
    %jmp/0xz  T_7.0, 8;
    %vpi_call 2 59 "$display", "\342\234\205 Door unlocked successfully at time = %t", $time {0 0 0};
    %jmp T_7.1;
T_7.0 ;
    %vpi_call 2 61 "$display", "\342\235\214 Door did not unlock after correct password." {0 0 0};
T_7.1 ;
    %delay 705032704, 1;
    %delay 100000, 0;
    %load/vec4 v00000229113abf20_0;
    %flag_set/vec4 8;
    %jmp/0xz  T_7.2, 8;
    %vpi_call 2 67 "$display", "\342\234\205 Door auto-locked again at time = %t", $time {0 0 0};
    %jmp T_7.3;
T_7.2 ;
    %vpi_call 2 69 "$display", "\342\235\214 Door failed to auto-lock." {0 0 0};
T_7.3 ;
    %vpi_call 2 71 "$display", "==== Wrong Password Attempt 1 ====" {0 0 0};
    %pushi/vec4 1, 0, 4;
    %store/vec4 v0000022911356b10_0, 0, 4;
    %fork TD_Top_module_tb.enter_digit, S_0000022911356980;
    %join;
    %pushi/vec4 1, 0, 4;
    %store/vec4 v0000022911356b10_0, 0, 4;
    %fork TD_Top_module_tb.enter_digit, S_0000022911356980;
    %join;
    %pushi/vec4 1, 0, 4;
    %store/vec4 v0000022911356b10_0, 0, 4;
    %fork TD_Top_module_tb.enter_digit, S_0000022911356980;
    %join;
    %pushi/vec4 1, 0, 4;
    %store/vec4 v0000022911356b10_0, 0, 4;
    %fork TD_Top_module_tb.enter_digit, S_0000022911356980;
    %join;
    %delay 1000000, 0;
    %vpi_call 2 78 "$display", "==== Wrong Password Attempt 1 ====" {0 0 0};
    %pushi/vec4 1, 0, 4;
    %store/vec4 v0000022911356b10_0, 0, 4;
    %fork TD_Top_module_tb.enter_digit, S_0000022911356980;
    %join;
    %pushi/vec4 1, 0, 4;
    %store/vec4 v0000022911356b10_0, 0, 4;
    %fork TD_Top_module_tb.enter_digit, S_0000022911356980;
    %join;
    %pushi/vec4 1, 0, 4;
    %store/vec4 v0000022911356b10_0, 0, 4;
    %fork TD_Top_module_tb.enter_digit, S_0000022911356980;
    %join;
    %pushi/vec4 1, 0, 4;
    %store/vec4 v0000022911356b10_0, 0, 4;
    %fork TD_Top_module_tb.enter_digit, S_0000022911356980;
    %join;
    %delay 1000000, 0;
    %vpi_call 2 85 "$display", "==== Wrong Password Attempt 1 ====" {0 0 0};
    %pushi/vec4 1, 0, 4;
    %store/vec4 v0000022911356b10_0, 0, 4;
    %fork TD_Top_module_tb.enter_digit, S_0000022911356980;
    %join;
    %pushi/vec4 1, 0, 4;
    %store/vec4 v0000022911356b10_0, 0, 4;
    %fork TD_Top_module_tb.enter_digit, S_0000022911356980;
    %join;
    %pushi/vec4 1, 0, 4;
    %store/vec4 v0000022911356b10_0, 0, 4;
    %fork TD_Top_module_tb.enter_digit, S_0000022911356980;
    %join;
    %pushi/vec4 1, 0, 4;
    %store/vec4 v0000022911356b10_0, 0, 4;
    %fork TD_Top_module_tb.enter_digit, S_0000022911356980;
    %join;
    %delay 1000000, 0;
    %load/vec4 v00000229113ac880_0;
    %flag_set/vec4 8;
    %jmp/0xz  T_7.4, 8;
    %vpi_call 2 94 "$display", "\360\237\232\250 Alarm triggered on incorrect attempt at time = %t", $time {0 0 0};
    %jmp T_7.5;
T_7.4 ;
    %vpi_call 2 96 "$display", "\342\235\214 Alarm did not trigger after wrong password." {0 0 0};
T_7.5 ;
    %vpi_call 2 98 "$display", "==== Wrong Password Attempt 2 ====" {0 0 0};
    %pushi/vec4 9, 0, 4;
    %store/vec4 v0000022911356b10_0, 0, 4;
    %fork TD_Top_module_tb.enter_digit, S_0000022911356980;
    %join;
    %pushi/vec4 9, 0, 4;
    %store/vec4 v0000022911356b10_0, 0, 4;
    %fork TD_Top_module_tb.enter_digit, S_0000022911356980;
    %join;
    %pushi/vec4 9, 0, 4;
    %store/vec4 v0000022911356b10_0, 0, 4;
    %fork TD_Top_module_tb.enter_digit, S_0000022911356980;
    %join;
    %pushi/vec4 9, 0, 4;
    %store/vec4 v0000022911356b10_0, 0, 4;
    %fork TD_Top_module_tb.enter_digit, S_0000022911356980;
    %join;
    %delay 1000000, 0;
    %load/vec4 v00000229113ac880_0;
    %flag_set/vec4 8;
    %jmp/0xz  T_7.6, 8;
    %vpi_call 2 107 "$display", "\360\237\232\250 Alarm triggered on 2nd incorrect attempt at time = %t", $time {0 0 0};
    %jmp T_7.7;
T_7.6 ;
    %vpi_call 2 109 "$display", "\342\235\214 Alarm still not triggered after second wrong password." {0 0 0};
T_7.7 ;
    %vpi_call 2 111 "$finish" {0 0 0};
    %end;
    .thread T_7;
# The file index is used to find the file name in the following table.
:file_names 6;
    "N/A";
    "<interactive>";
    "Top_module_tb.v";
    "Top_module.v";
    "Password_checker.v";
    "Fsm_con.v";
