#! /c/Source/iverilog-install/bin/vvp
:ivl_version "12.0 (devel)" "(s20150603-1539-g2693dd32b)";
:ivl_delay_selection "TYPICAL";
:vpi_time_precision - 12;
:vpi_module "C:\iverilog\lib\ivl\system.vpi";
:vpi_module "C:\iverilog\lib\ivl\vhdl_sys.vpi";
:vpi_module "C:\iverilog\lib\ivl\vhdl_textio.vpi";
:vpi_module "C:\iverilog\lib\ivl\v2005_math.vpi";
:vpi_module "C:\iverilog\lib\ivl\va_math.vpi";
S_0000017c72038d10 .scope module, "Washing_machine_tb" "Washing_machine_tb" 2 3;
 .timescale -9 -12;
v0000017c7209edb0_0 .net "buzzer", 0 0, v0000017c7204e990_0;  1 drivers
v0000017c7209e9f0_0 .var "clk", 0 0;
v0000017c7209ef90_0 .net "done", 0 0, v0000017c72043330_0;  1 drivers
v0000017c7209e590_0 .net "fill", 0 0, v0000017c720433d0_0;  1 drivers
v0000017c7209e6d0_0 .net "green", 0 0, v0000017c72043470_0;  1 drivers
v0000017c7209e4f0_0 .net "red", 0 0, v0000017c720435b0_0;  1 drivers
v0000017c7209ea90_0 .net "rinse", 0 0, v0000017c72043650_0;  1 drivers
v0000017c7209e810_0 .var "rst", 0 0;
v0000017c7209ebd0_0 .net "spin", 0 0, v0000017c72043790_0;  1 drivers
v0000017c7209e270_0 .var "srt", 0 0;
v0000017c7209e1d0_0 .net "wash", 0 0, v0000017c72043970_0;  1 drivers
S_0000017c7204e5c0 .scope module, "dut" "Washing_machine" 2 11, 3 1 0, S_0000017c72038d10;
 .timescale 0 0;
    .port_info 0 /INPUT 1 "clk";
    .port_info 1 /INPUT 1 "rst";
    .port_info 2 /INPUT 1 "srt";
    .port_info 3 /OUTPUT 1 "fill";
    .port_info 4 /OUTPUT 1 "wash";
    .port_info 5 /OUTPUT 1 "rinse";
    .port_info 6 /OUTPUT 1 "spin";
    .port_info 7 /OUTPUT 1 "done";
    .port_info 8 /OUTPUT 1 "red";
    .port_info 9 /OUTPUT 1 "green";
    .port_info 10 /OUTPUT 1 "buzzer";
P_0000017c7204e750 .param/l "Done" 0 3 22, C4<101>;
P_0000017c7204e788 .param/l "Fill" 0 3 18, C4<001>;
P_0000017c7204e7c0 .param/l "Idle" 0 3 17, C4<000>;
P_0000017c7204e7f8 .param/l "Rinse" 0 3 20, C4<011>;
P_0000017c7204e830 .param/l "Spin" 0 3 21, C4<100>;
P_0000017c7204e868 .param/l "TIME_FILL" 0 3 28, +C4<00000000000000000000000000000100>;
P_0000017c7204e8a0 .param/l "TIME_RINSE" 0 3 30, +C4<00000000000000000000000000000100>;
P_0000017c7204e8d8 .param/l "TIME_SPIN" 0 3 31, +C4<00000000000000000000000000000100>;
P_0000017c7204e910 .param/l "TIME_WASH" 0 3 29, +C4<00000000000000000000000000000100>;
P_0000017c7204e948 .param/l "Wash" 0 3 19, C4<010>;
v0000017c7204e990_0 .var "buzzer", 0 0;
v0000017c71ff6ad0_0 .net "clk", 0 0, v0000017c7209e9f0_0;  1 drivers
v0000017c72043290_0 .var "current_state", 2 0;
v0000017c72043330_0 .var "done", 0 0;
v0000017c720433d0_0 .var "fill", 0 0;
v0000017c72043470_0 .var "green", 0 0;
v0000017c72043510_0 .var "next_state", 2 0;
v0000017c720435b0_0 .var "red", 0 0;
v0000017c72043650_0 .var "rinse", 0 0;
v0000017c720436f0_0 .net "rst", 0 0, v0000017c7209e810_0;  1 drivers
v0000017c72043790_0 .var "spin", 0 0;
v0000017c72043830_0 .net "srt", 0 0, v0000017c7209e270_0;  1 drivers
v0000017c720438d0_0 .var "timer", 3 0;
v0000017c72043970_0 .var "wash", 0 0;
E_0000017c72035e10 .event anyedge, v0000017c72043290_0, v0000017c72043830_0, v0000017c720438d0_0;
E_0000017c72035a10 .event posedge, v0000017c720436f0_0, v0000017c71ff6ad0_0;
    .scope S_0000017c7204e5c0;
T_0 ;
    %wait E_0000017c72035a10;
    %load/vec4 v0000017c720436f0_0;
    %flag_set/vec4 8;
    %jmp/0xz  T_0.0, 8;
    %pushi/vec4 0, 0, 3;
    %assign/vec4 v0000017c72043290_0, 0;
    %jmp T_0.1;
T_0.0 ;
    %load/vec4 v0000017c72043510_0;
    %assign/vec4 v0000017c72043290_0, 0;
T_0.1 ;
    %jmp T_0;
    .thread T_0;
    .scope S_0000017c7204e5c0;
T_1 ;
    %wait E_0000017c72035a10;
    %load/vec4 v0000017c720436f0_0;
    %flag_set/vec4 8;
    %jmp/0xz  T_1.0, 8;
    %pushi/vec4 0, 0, 4;
    %assign/vec4 v0000017c720438d0_0, 0;
    %jmp T_1.1;
T_1.0 ;
    %load/vec4 v0000017c72043290_0;
    %cmpi/e 0, 0, 3;
    %jmp/0xz  T_1.2, 4;
    %pushi/vec4 0, 0, 4;
    %assign/vec4 v0000017c720438d0_0, 0;
    %jmp T_1.3;
T_1.2 ;
    %load/vec4 v0000017c720438d0_0;
    %pad/u 32;
    %cmpi/u 15, 0, 32;
    %jmp/0xz  T_1.4, 5;
    %load/vec4 v0000017c720438d0_0;
    %addi 1, 0, 4;
    %assign/vec4 v0000017c720438d0_0, 0;
    %jmp T_1.5;
T_1.4 ;
    %pushi/vec4 0, 0, 4;
    %assign/vec4 v0000017c720438d0_0, 0;
T_1.5 ;
T_1.3 ;
T_1.1 ;
    %jmp T_1;
    .thread T_1;
    .scope S_0000017c7204e5c0;
T_2 ;
    %wait E_0000017c72035e10;
    %pushi/vec4 0, 0, 1;
    %store/vec4 v0000017c720433d0_0, 0, 1;
    %pushi/vec4 0, 0, 1;
    %store/vec4 v0000017c72043970_0, 0, 1;
    %pushi/vec4 0, 0, 1;
    %store/vec4 v0000017c72043650_0, 0, 1;
    %pushi/vec4 0, 0, 1;
    %store/vec4 v0000017c72043790_0, 0, 1;
    %pushi/vec4 0, 0, 1;
    %store/vec4 v0000017c72043330_0, 0, 1;
    %pushi/vec4 0, 0, 1;
    %store/vec4 v0000017c720435b0_0, 0, 1;
    %pushi/vec4 0, 0, 1;
    %store/vec4 v0000017c72043470_0, 0, 1;
    %pushi/vec4 0, 0, 1;
    %store/vec4 v0000017c7204e990_0, 0, 1;
    %load/vec4 v0000017c72043290_0;
    %store/vec4 v0000017c72043510_0, 0, 3;
    %load/vec4 v0000017c72043290_0;
    %dup/vec4;
    %pushi/vec4 0, 0, 3;
    %cmp/u;
    %jmp/1 T_2.0, 6;
    %dup/vec4;
    %pushi/vec4 1, 0, 3;
    %cmp/u;
    %jmp/1 T_2.1, 6;
    %dup/vec4;
    %pushi/vec4 2, 0, 3;
    %cmp/u;
    %jmp/1 T_2.2, 6;
    %dup/vec4;
    %pushi/vec4 3, 0, 3;
    %cmp/u;
    %jmp/1 T_2.3, 6;
    %dup/vec4;
    %pushi/vec4 4, 0, 3;
    %cmp/u;
    %jmp/1 T_2.4, 6;
    %dup/vec4;
    %pushi/vec4 5, 0, 3;
    %cmp/u;
    %jmp/1 T_2.5, 6;
    %pushi/vec4 0, 0, 3;
    %store/vec4 v0000017c72043510_0, 0, 3;
    %jmp T_2.7;
T_2.0 ;
    %load/vec4 v0000017c72043830_0;
    %flag_set/vec4 8;
    %jmp/0xz  T_2.8, 8;
    %pushi/vec4 1, 0, 3;
    %store/vec4 v0000017c72043510_0, 0, 3;
T_2.8 ;
    %jmp T_2.7;
T_2.1 ;
    %pushi/vec4 1, 0, 1;
    %store/vec4 v0000017c720433d0_0, 0, 1;
    %pushi/vec4 1, 0, 1;
    %store/vec4 v0000017c720435b0_0, 0, 1;
    %load/vec4 v0000017c720438d0_0;
    %pad/u 32;
    %cmpi/e 4, 0, 32;
    %jmp/0xz  T_2.10, 4;
    %pushi/vec4 2, 0, 3;
    %store/vec4 v0000017c72043510_0, 0, 3;
T_2.10 ;
    %jmp T_2.7;
T_2.2 ;
    %pushi/vec4 1, 0, 1;
    %store/vec4 v0000017c72043970_0, 0, 1;
    %pushi/vec4 1, 0, 1;
    %store/vec4 v0000017c720435b0_0, 0, 1;
    %load/vec4 v0000017c720438d0_0;
    %pad/u 32;
    %cmpi/e 4, 0, 32;
    %jmp/0xz  T_2.12, 4;
    %pushi/vec4 3, 0, 3;
    %store/vec4 v0000017c72043510_0, 0, 3;
T_2.12 ;
    %jmp T_2.7;
T_2.3 ;
    %pushi/vec4 1, 0, 1;
    %store/vec4 v0000017c72043650_0, 0, 1;
    %pushi/vec4 1, 0, 1;
    %store/vec4 v0000017c720435b0_0, 0, 1;
    %load/vec4 v0000017c720438d0_0;
    %pad/u 32;
    %cmpi/e 4, 0, 32;
    %jmp/0xz  T_2.14, 4;
    %pushi/vec4 4, 0, 3;
    %store/vec4 v0000017c72043510_0, 0, 3;
T_2.14 ;
    %jmp T_2.7;
T_2.4 ;
    %pushi/vec4 1, 0, 1;
    %store/vec4 v0000017c72043790_0, 0, 1;
    %pushi/vec4 1, 0, 1;
    %store/vec4 v0000017c720435b0_0, 0, 1;
    %load/vec4 v0000017c720438d0_0;
    %pad/u 32;
    %cmpi/e 4, 0, 32;
    %jmp/0xz  T_2.16, 4;
    %pushi/vec4 5, 0, 3;
    %store/vec4 v0000017c72043510_0, 0, 3;
T_2.16 ;
    %jmp T_2.7;
T_2.5 ;
    %pushi/vec4 0, 0, 1;
    %store/vec4 v0000017c720435b0_0, 0, 1;
    %pushi/vec4 1, 0, 1;
    %store/vec4 v0000017c72043330_0, 0, 1;
    %pushi/vec4 1, 0, 1;
    %store/vec4 v0000017c72043470_0, 0, 1;
    %pushi/vec4 1, 0, 1;
    %store/vec4 v0000017c7204e990_0, 0, 1;
    %pushi/vec4 0, 0, 3;
    %store/vec4 v0000017c72043510_0, 0, 3;
    %jmp T_2.7;
T_2.7 ;
    %pop/vec4 1;
    %jmp T_2;
    .thread T_2, $push;
    .scope S_0000017c72038d10;
T_3 ;
    %pushi/vec4 0, 0, 1;
    %store/vec4 v0000017c7209e9f0_0, 0, 1;
    %pushi/vec4 0, 0, 1;
    %store/vec4 v0000017c7209e810_0, 0, 1;
    %pushi/vec4 0, 0, 1;
    %store/vec4 v0000017c7209e270_0, 0, 1;
    %end;
    .thread T_3;
    .scope S_0000017c72038d10;
T_4 ;
    %delay 5000, 0;
    %load/vec4 v0000017c7209e9f0_0;
    %inv;
    %store/vec4 v0000017c7209e9f0_0, 0, 1;
    %jmp T_4;
    .thread T_4;
    .scope S_0000017c72038d10;
T_5 ;
    %vpi_call 2 28 "$dumpfile", "washing_machine.vcd" {0 0 0};
    %vpi_call 2 29 "$dumpvars", 32'sb00000000000000000000000000000000, S_0000017c72038d10 {0 0 0};
    %pushi/vec4 1, 0, 1;
    %store/vec4 v0000017c7209e810_0, 0, 1;
    %delay 10000, 0;
    %pushi/vec4 0, 0, 1;
    %store/vec4 v0000017c7209e810_0, 0, 1;
    %delay 10000, 0;
    %pushi/vec4 1, 0, 1;
    %store/vec4 v0000017c7209e270_0, 0, 1;
    %delay 10000, 0;
    %pushi/vec4 0, 0, 1;
    %store/vec4 v0000017c7209e270_0, 0, 1;
    %delay 2000000, 0;
    %vpi_call 2 36 "$finish" {0 0 0};
    %end;
    .thread T_5;
# The file index is used to find the file name in the following table.
:file_names 4;
    "N/A";
    "<interactive>";
    "Washing_machine_tb.v";
    "Washing_machine.v";
